[35m[Appium][39m Welcome to Appium v2.5.1
[35m[Appium][39m Non-default server args:
[35m[Appium][39m { basePath: [32m'/wd/hub'[39m, loglevel: [32m'info'[39m, port: [33m53800[39m }
[35m[Appium][39m Attempting to load driver xcuitest...
[35m[Appium][39m Attempting to load driver uiautomator2...
[35m[Appium][39m Appium REST http interface listener started on http://0.0.0.0:53800/wd/hub
[35m[Appium][39m You can provide the following URLs in your client code to connect to this server:
[35m[Appium][39m 	http://192.168.11.25:53800/wd/hub
[35m[Appium][39m 	http://127.0.0.1:53800/wd/hub (only accessible from the same host)
[35m[Appium][39m Available drivers:
[35m[Appium][39m   - xcuitest@7.1.0 (automationName 'XCUITest')
[35m[Appium][39m   - uiautomator2@3.0.0 (automationName 'UiAutomator2')
[35m[Appium][39m No plugins have been installed. Use the "appium plugin" command to install the one(s) you want to use.
[38;5;0m[HTTP][0m [37m-->[39m [37mGET[39m [37m/wd/hub/status[39m
[38;5;0m[HTTP][0m [90m{}[39m
[38;5;0m[HTTP][0m [37m<-- GET /wd/hub/status [39m[32m200[39m [90m17 ms - 110[39m
[38;5;0m[HTTP][0m [90m[39m
[38;5;0m[HTTP][0m [37m-->[39m [37mGET[39m [37m/wd/hub/status[39m
[38;5;0m[HTTP][0m [90m{}[39m
[38;5;0m[HTTP][0m [37m<-- GET /wd/hub/status [39m[32m200[39m [90m2 ms - 110[39m
[38;5;0m[HTTP][0m [90m[39m
[38;5;0m[HTTP][0m [37m-->[39m [37mPOST[39m [37m/wd/hub/session[39m
[38;5;0m[HTTP][0m [90m{"desiredCapabilities":{"appium:systemPort":53867,"appium:newCommandTimeout":1800,"appium:automationName":"uiautomator2","appium:fullReset":false,"appium:platformVersion":"8.1.0","appium:noReset":true,"appium:udid":"28c7625b0205","appium:autoGrantPermissions":true,"appium:platformName":"ANDROID","appium:deviceName":"Xiaomi Redmi 5 Plus (Android 8.1.0)","platformName":"Android","appium:app":"C:\\Users\\ramuw\\Katalon Studio\\Eduyapp\\app\\calculator.apk"},"capabilities":{"firstMatch":[{"appium:app":"C:\\Users\\ramuw\\Katalon Studio\\Eduyapp\\app\\calculator.apk","appium:autoGrantPermissions":true,"appium:automationName":"uiautomator2","appium:deviceName":"Xiaomi Redmi 5 Plus (Android 8.1.0)","appium:fullReset":false,"appium:newCommandTimeout":1800,"appium:noReset":true,"appium:platformName":"ANDROID","appium:platformVersion":"8.1.0","appium:systemPort":53867,"appium:udid":"28c7625b0205","platformName":"android"}]}}[39m
[38;5;32m[BaseDriver][0m Ignoring capability 'appium:platformName=ANDROID' and using capability 'platformName=android'
[38;5;32m[BaseDriver][0m The capabilities ["platformName"] are standard capabilities and do not require "appium:" prefix
[35m[Appium][39m Attempting to find matching driver for automationName 'uiautomator2' and platformName 'android'
[35m[Appium][39m The 'uiautomator2' driver was installed and matched caps.
[35m[Appium][39m Will require it at C:\Users\ramuw\.appium\node_modules\appium-uiautomator2-driver
[38;5;16m[AppiumDriver@7200][0m Appium v2.5.1 creating new AndroidUiautomator2Driver (v3.0.0) session
[38;5;16m[AppiumDriver@7200][0m Checking BaseDriver versions for Appium and AndroidUiautomator2Driver
[38;5;16m[AppiumDriver@7200][0m Appium's BaseDriver version is 9.5.2
[38;5;16m[AppiumDriver@7200][0m AndroidUiautomator2Driver's BaseDriver version is 9.5.2
[38;5;48m[AndroidUiautomator2Driver@b5ae (f25b6b7c)][0m Session created with session id: f25b6b7c-428d-4d95-9602-1b0d008e14f1
[38;5;64m[ADB][0m Found 1 'build-tools' folders under 'C:\Users\ramuw\.katalon\tools\android_sdk' (newest first):
[38;5;64m[ADB][0m     C:\Users\ramuw\.katalon\tools\android_sdk\build-tools\29.0.3
[38;5;64m[ADB][0m Using 'adb.exe' from 'C:\Users\ramuw\.katalon\tools\android_sdk\platform-tools\adb.exe'
[38;5;48m[AndroidUiautomator2Driver@b5ae (f25b6b7c)][0m Retrieving device list
[38;5;48m[AndroidUiautomator2Driver@b5ae (f25b6b7c)][0m Using device: 28c7625b0205
[38;5;64m[ADB][0m Using 'adb.exe' from 'C:\Users\ramuw\.katalon\tools\android_sdk\platform-tools\adb.exe'
[38;5;32m[BaseDriver][0m Using local app 'C:\Users\ramuw\Katalon Studio\Eduyapp\app\calculator.apk'
[38;5;64m[ADB][0m Package name: 'com.google.android.calculator'
[38;5;64m[ADB][0m Main activity name: 'com.android.calculator2.Calculator'
[38;5;64m[ADB][0m Using 'apksigner.jar' from 'C:\Users\ramuw\.katalon\tools\android_sdk\build-tools\29.0.3\lib\apksigner.jar'
[38;5;64m[ADB][0m 'C:\Users\ramuw\.appium\node_modules\appium-uiautomator2-driver\node_modules\appium-uiautomator2-server\apks\appium-uiautomator2-server-debug-androidTest.apk' is signed with the default certificate
[38;5;64m[ADB][0m 'C:\Users\ramuw\Katalon Studio\Eduyapp\app\calculator.apk' is not signed
[38;5;64m[ADB][0m Using 'zipalign.exe' from 'C:\Users\ramuw\.katalon\tools\android_sdk\build-tools\29.0.3\zipalign.exe'
[38;5;64m[ADB][0m 'C:\Users\ramuw\.appium\node_modules\appium-uiautomator2-driver\node_modules\appium-uiautomator2-server\apks\appium-uiautomator2-server-v7.0.0.apk' is signed with the default certificate
[38;5;48m[AndroidUiautomator2Driver@b5ae (f25b6b7c)][0m Server packages are not going to be (re)installed
[38;5;64m[ADB][0m Adding packages ["io.appium.settings","io.appium.uiautomator2.server","io.appium.uiautomator2.server.test"] to Doze whitelist
[38;5;64m[ADB][0m The application at 'C:\Users\ramuw\Katalon Studio\Eduyapp\app\calculator.apk' will not be cached, because the device under test has confirmed the support of streamed installs
[38;5;64m[ADB][0m The installation of 'calculator.apk' took 15278ms
[38;5;48m[AndroidUiautomator2Driver@b5ae (f25b6b7c)][0m Starting UIAutomator2 server 7.0.0
[38;5;48m[AndroidUiautomator2Driver@b5ae (f25b6b7c)][0m Using UIAutomator2 server from 'C:\Users\ramuw\.appium\node_modules\appium-uiautomator2-driver\node_modules\appium-uiautomator2-server\apks\appium-uiautomator2-server-v7.0.0.apk' and test from 'C:\Users\ramuw\.appium\node_modules\appium-uiautomator2-driver\node_modules\appium-uiautomator2-server\apks\appium-uiautomator2-server-debug-androidTest.apk'
[38;5;48m[AndroidUiautomator2Driver@b5ae (f25b6b7c)][0m Waiting up to 30000ms for UiAutomator2 to be online...
[38;5;48m[AndroidUiautomator2Driver@b5ae (f25b6b7c)][0m socket hang up
[38;5;48m[AndroidUiautomator2Driver@b5ae (f25b6b7c)][0m socket hang up
[38;5;48m[AndroidUiautomator2Driver@b5ae (f25b6b7c)][0m socket hang up
[38;5;48m[AndroidUiautomator2Driver@b5ae (f25b6b7c)][0m socket hang up
[38;5;48m[AndroidUiautomator2Driver@b5ae (f25b6b7c)][0m socket hang up
[38;5;48m[AndroidUiautomator2Driver@b5ae (f25b6b7c)][0m Determined the downstream protocol as 'W3C'
[38;5;48m[AndroidUiautomator2Driver@b5ae (f25b6b7c)][0m Screen already unlocked, doing nothing
[38;5;48m[AndroidUiautomator2Driver@b5ae (f25b6b7c)][0m Starting 'com.google.android.calculator/com.android.calculator2.Calculator and waiting for 'com.google.android.calculator/com.android.calculator2.Calculator'
[38;5;16m[AppiumDriver@7200][0m New AndroidUiautomator2Driver session created successfully, session f25b6b7c-428d-4d95-9602-1b0d008e14f1 added to master session list
[38;5;0m[HTTP][0m [37m<-- POST /wd/hub/session [39m[32m200[39m [90m30378 ms - 1236[39m
[38;5;0m[HTTP][0m [90m[39m
[38;5;0m[HTTP][0m [37m-->[39m [37mGET[39m [37m/wd/hub/session/f25b6b7c-428d-4d95-9602-1b0d008e14f1[39m
[38;5;0m[HTTP][0m [90m{}[39m
[38;5;0m[HTTP][0m [37m<-- GET /wd/hub/session/f25b6b7c-428d-4d95-9602-1b0d008e14f1 [39m[32m200[39m [90m31 ms - 365[39m
[38;5;0m[HTTP][0m [90m[39m
[38;5;0m[HTTP][0m [37m-->[39m [37mGET[39m [37m/wd/hub/session/f25b6b7c-428d-4d95-9602-1b0d008e14f1[39m
[38;5;0m[HTTP][0m [90m{}[39m
[38;5;0m[HTTP][0m [37m<-- GET /wd/hub/session/f25b6b7c-428d-4d95-9602-1b0d008e14f1 [39m[32m200[39m [90m24 ms - 365[39m
[38;5;0m[HTTP][0m [90m[39m
[38;5;0m[HTTP][0m [37m-->[39m [37mGET[39m [37m/wd/hub/status[39m
[38;5;0m[HTTP][0m [90m{}[39m
[38;5;0m[HTTP][0m [37m<-- GET /wd/hub/status [39m[32m200[39m [90m1 ms - 110[39m
[38;5;0m[HTTP][0m [90m[39m
[38;5;0m[HTTP][0m [37m-->[39m [37mPOST[39m [37m/wd/hub/session/f25b6b7c-428d-4d95-9602-1b0d008e14f1/timeouts[39m
[38;5;0m[HTTP][0m [90m{"implicit":60000}[39m
[38;5;0m[HTTP][0m [37m<-- POST /wd/hub/session/f25b6b7c-428d-4d95-9602-1b0d008e14f1/timeouts [39m[32m200[39m [90m5 ms - 14[39m
[38;5;0m[HTTP][0m [90m[39m
[38;5;0m[HTTP][0m [37m-->[39m [37mGET[39m [37m/wd/hub/session/f25b6b7c-428d-4d95-9602-1b0d008e14f1/source[39m
[38;5;0m[HTTP][0m [90m{}[39m
[38;5;48m[AndroidUiautomator2Driver@b5ae (f25b6b7c)][0m Driver proxy active, passing request on via HTTP proxy
[38;5;48m[AndroidUiautomator2Driver@b5ae (f25b6b7c)][0m Replacing sessionId ada4eb26-bfa4-4c18-9acf-7af41aa29d52 with f25b6b7c-428d-4d95-9602-1b0d008e14f1
[38;5;0m[HTTP][0m [37m<-- GET /wd/hub/session/f25b6b7c-428d-4d95-9602-1b0d008e14f1/source [39m[32m200[39m [90m1041 ms - 20099[39m
[38;5;0m[HTTP][0m [90m[39m
[38;5;0m[HTTP][0m [37m-->[39m [37mGET[39m [37m/wd/hub/session/f25b6b7c-428d-4d95-9602-1b0d008e14f1/screenshot[39m
[38;5;0m[HTTP][0m [90m{}[39m
[38;5;0m[HTTP][0m [37m<-- GET /wd/hub/session/f25b6b7c-428d-4d95-9602-1b0d008e14f1/screenshot [39m[32m200[39m [90m1133 ms - 171660[39m
[38;5;0m[HTTP][0m [90m[39m
[38;5;0m[HTTP][0m [37m-->[39m [37mPOST[39m [37m/wd/hub/session/f25b6b7c-428d-4d95-9602-1b0d008e14f1/elements[39m
[38;5;0m[HTTP][0m [90m{"using":"xpath","value":"//*[@class = 'android.widget.ImageButton' and @resource-id = 'com.google.android.calculator:id/digit_8' and (@text = '' or . = '')]"}[39m
[38;5;0m[HTTP][0m [37m<-- POST /wd/hub/session/f25b6b7c-428d-4d95-9602-1b0d008e14f1/elements [39m[32m200[39m [90m1348 ms - 139[39m
[38;5;0m[HTTP][0m [90m[39m
[38;5;0m[HTTP][0m [37m-->[39m [37mPOST[39m [37m/wd/hub/session/f25b6b7c-428d-4d95-9602-1b0d008e14f1/elements[39m
[38;5;0m[HTTP][0m [90m{"using":"xpath","value":"//*[@class = 'android.widget.ImageButton' and @resource-id = 'com.google.android.calculator:id/op_mul' and (@text = '' or . = '')]"}[39m
[38;5;0m[HTTP][0m [37m<-- POST /wd/hub/session/f25b6b7c-428d-4d95-9602-1b0d008e14f1/elements [39m[32m200[39m [90m26327 ms - 139[39m
[38;5;0m[HTTP][0m [90m[39m
[38;5;0m[HTTP][0m [37m-->[39m [37mPOST[39m [37m/wd/hub/session/f25b6b7c-428d-4d95-9602-1b0d008e14f1/elements[39m
[38;5;0m[HTTP][0m [90m{"using":"xpath","value":"//*[@class = 'android.widget.ImageButton' and @resource-id = 'com.google.android.calculator:id/digit_5' and (@text = '' or . = '')]"}[39m
[38;5;0m[HTTP][0m [37m<-- POST /wd/hub/session/f25b6b7c-428d-4d95-9602-1b0d008e14f1/elements [39m[32m200[39m [90m240 ms - 139[39m
[38;5;0m[HTTP][0m [90m[39m
[38;5;0m[HTTP][0m [37m-->[39m [37mPOST[39m [37m/wd/hub/session/f25b6b7c-428d-4d95-9602-1b0d008e14f1/elements[39m
[38;5;0m[HTTP][0m [90m{"using":"xpath","value":"//*[@class = 'android.widget.ImageButton' and @resource-id = 'com.google.android.calculator:id/eq' and (@text = '' or . = '')]"}[39m
[38;5;0m[HTTP][0m [37m<-- POST /wd/hub/session/f25b6b7c-428d-4d95-9602-1b0d008e14f1/elements [39m[32m200[39m [90m145 ms - 139[39m
[38;5;0m[HTTP][0m [90m[39m
[38;5;0m[HTTP][0m [37m-->[39m [37mDELETE[39m [37m/wd/hub/session/f25b6b7c-428d-4d95-9602-1b0d008e14f1[39m
[38;5;0m[HTTP][0m [90m{}[39m
[38;5;16m[AppiumDriver@7200][0m Removing session f25b6b7c-428d-4d95-9602-1b0d008e14f1 from our master session list
[38;5;0m[HTTP][0m [37m<-- DELETE /wd/hub/session/f25b6b7c-428d-4d95-9602-1b0d008e14f1 [39m[32m200[39m [90m183 ms - 14[39m
[38;5;0m[HTTP][0m [90m[39m
